<?xml version="1.0" encoding="UTF-8"?>
<testng-results ignored="0" total="1" passed="1" failed="0" skipped="0">
  <reporter-output>
  </reporter-output>
  <suite started-at="2024-10-03T11:26:00 IST" name="Default suite" finished-at="2024-10-03T11:27:03 IST" duration-ms="62524">
    <groups>
    </groups>
    <test started-at="2024-10-03T11:26:00 IST" name="Default test" finished-at="2024-10-03T11:27:03 IST" duration-ms="62524">
      <class name="test.End_To_End_Test">
        <test-method is-config="true" signature="setUp()[pri:0, instance:test.End_To_End_Test@18245eb0]" started-at="2024-10-03T11:26:00 IST" name="setUp" finished-at="2024-10-03T11:26:17 IST" duration-ms="17090" status="PASS">
          <reporter-output>
          </reporter-output>
        </test-method> <!-- setUp -->
        <test-method signature="test()[pri:0, instance:test.End_To_End_Test@18245eb0]" started-at="2024-10-03T11:26:17 IST" name="test" finished-at="2024-10-03T11:27:02 IST" duration-ms="44533" status="PASS">
          <reporter-output>
          </reporter-output>
        </test-method> <!-- test -->
        <test-method is-config="true" signature="tearDown()[pri:0, instance:test.End_To_End_Test@18245eb0]" started-at="2024-10-03T11:27:02 IST" name="tearDown" finished-at="2024-10-03T11:27:03 IST" duration-ms="844" status="PASS">
          <reporter-output>
          </reporter-output>
        </test-method> <!-- tearDown -->
      </class> <!-- test.End_To_End_Test -->
    </test> <!-- Default test -->
  </suite> <!-- Default suite -->
</testng-results>
